<?xml version="1.0" encoding="UTF-8"?>
<!-- Generated by org.testng.reporters.JUnitXMLReporter -->
<testsuite hostname="EPUAKHAW0722" name="Default test" tests="3" failures="0" timestamp="20 May 2015 06:57:09 GMT" time="0.386" errors="0">
  <testcase name="testCreateList" time="0.012" classname="com.epam.chorniak.TestGame"/>
  <testcase name="testInit" time="0.003" classname="com.epam.chorniak.TestGame"/>
  <testcase name="testListSame" time="0.044" classname="com.epam.chorniak.TestGame"/>
</testsuite> <!-- Default test -->
