<?xml version="1.0" encoding="UTF-8"?>
<testng-results skipped="0" failed="0" total="3" passed="3">
  <reporter-output>
  </reporter-output>
  <suite name="Default suite" duration-ms="386" started-at="2015-05-20T06:57:08Z" finished-at="2015-05-20T06:57:09Z">
    <groups>
    </groups>
    <test name="Default test" duration-ms="386" started-at="2015-05-20T06:57:08Z" finished-at="2015-05-20T06:57:09Z">
      <class name="com.epam.chorniak.TestGame">
        <test-method status="PASS" signature="setUpBeforeClass()[pri:0, instance:com.epam.chorniak.TestGame@233c0b17]" name="setUpBeforeClass" is-config="true" duration-ms="10" started-at="2015-05-20T09:57:08Z" finished-at="2015-05-20T09:57:08Z">
          <reporter-output>
          </reporter-output>
        </test-method> <!-- setUpBeforeClass -->
        <test-method status="PASS" signature="setUp()[pri:0, instance:com.epam.chorniak.TestGame@233c0b17]" name="setUp" is-config="true" duration-ms="190" started-at="2015-05-20T09:57:08Z" finished-at="2015-05-20T09:57:08Z">
          <reporter-output>
          </reporter-output>
        </test-method> <!-- setUp -->
        <test-method status="PASS" signature="testCreateList()[pri:0, instance:com.epam.chorniak.TestGame@233c0b17]" name="testCreateList" duration-ms="12" started-at="2015-05-20T09:57:08Z" finished-at="2015-05-20T09:57:08Z">
          <reporter-output>
          </reporter-output>
        </test-method> <!-- testCreateList -->
        <test-method status="PASS" signature="setUp()[pri:0, instance:com.epam.chorniak.TestGame@233c0b17]" name="setUp" is-config="true" duration-ms="42" started-at="2015-05-20T09:57:08Z" finished-at="2015-05-20T09:57:08Z">
          <reporter-output>
          </reporter-output>
        </test-method> <!-- setUp -->
        <test-method status="PASS" signature="tearDown()[pri:0, instance:com.epam.chorniak.TestGame@233c0b17]" name="tearDown" is-config="true" duration-ms="0" started-at="2015-05-20T09:57:08Z" finished-at="2015-05-20T09:57:08Z">
          <reporter-output>
          </reporter-output>
        </test-method> <!-- tearDown -->
        <test-method status="PASS" signature="testInit()[pri:0, instance:com.epam.chorniak.TestGame@233c0b17]" name="testInit" duration-ms="3" started-at="2015-05-20T09:57:08Z" finished-at="2015-05-20T09:57:08Z">
          <reporter-output>
          </reporter-output>
        </test-method> <!-- testInit -->
        <test-method status="PASS" signature="setUp()[pri:0, instance:com.epam.chorniak.TestGame@233c0b17]" name="setUp" is-config="true" duration-ms="40" started-at="2015-05-20T09:57:08Z" finished-at="2015-05-20T09:57:08Z">
          <reporter-output>
          </reporter-output>
        </test-method> <!-- setUp -->
        <test-method status="PASS" signature="tearDown()[pri:0, instance:com.epam.chorniak.TestGame@233c0b17]" name="tearDown" is-config="true" duration-ms="0" started-at="2015-05-20T09:57:08Z" finished-at="2015-05-20T09:57:08Z">
          <reporter-output>
          </reporter-output>
        </test-method> <!-- tearDown -->
        <test-method status="PASS" signature="testListSame()[pri:0, instance:com.epam.chorniak.TestGame@233c0b17]" name="testListSame" duration-ms="44" started-at="2015-05-20T09:57:08Z" finished-at="2015-05-20T09:57:09Z">
          <reporter-output>
          </reporter-output>
        </test-method> <!-- testListSame -->
        <test-method status="PASS" signature="tearDown()[pri:0, instance:com.epam.chorniak.TestGame@233c0b17]" name="tearDown" is-config="true" duration-ms="1" started-at="2015-05-20T09:57:09Z" finished-at="2015-05-20T09:57:09Z">
          <reporter-output>
          </reporter-output>
        </test-method> <!-- tearDown -->
        <test-method status="PASS" signature="tearDownAfterClass()[pri:0, instance:com.epam.chorniak.TestGame@233c0b17]" name="tearDownAfterClass" is-config="true" duration-ms="0" started-at="2015-05-20T09:57:09Z" finished-at="2015-05-20T09:57:09Z">
          <reporter-output>
          </reporter-output>
        </test-method> <!-- tearDownAfterClass -->
      </class> <!-- com.epam.chorniak.TestGame -->
    </test> <!-- Default test -->
  </suite> <!-- Default suite -->
</testng-results>
